[     998ms] [WARNING] The resource https://vercel.com/_next/static/chunks/2cegy48-lpb69.css?dpl=dpl_Br2SfEhVjKucEZMXUTsTLMsBt5rn was preloaded using link preload but not used within a few seconds from the window's load event. Please make sure it has an appropriate `as` value and it is preloaded intentionally. @ https://vercel.com/praxiswalker-6245s-projects/adgai-walker/settings/domains:0
[     998ms] [WARNING] The resource https://vercel.com/_next/static/chunks/2fbvudpv6kdp_.css?dpl=dpl_Br2SfEhVjKucEZMXUTsTLMsBt5rn was preloaded using link preload but not used within a few seconds from the window's load event. Please make sure it has an appropriate `as` value and it is preloaded intentionally. @ https://vercel.com/praxiswalker-6245s-projects/adgai-walker/settings/domains:0
[    1103ms] [WARNING] Manifest: property 'start_url' ignored, should be same origin as document. @ https://spaceship-cdn.com/static/spaceship/favicon/manifest-v4.json:0
[    2085ms] [INFO] ILC plugins SDK: Enabling "reporting" plugin ... @ https://spaceship-cdn.com/ilc-conventional/69c2ad0e3d2e9a1889f8591a04203c6657df3085/client.js:97
[    2086ms] [INFO] ILC plugins SDK: Enabling "transitionHooks" plugin ... @ https://spaceship-cdn.com/ilc-conventional/69c2ad0e3d2e9a1889f8591a04203c6657df3085/client.js:97
[    2092ms] [INFO] {now: 1777693368, hash: 3718087656, memoName: registry_getTemplate, id: undefined, cachedAt: 1777693334} [ILC Cache]: Item read from cache. Cache is actual @ https://spaceship-cdn.com/ilc-conventional/69c2ad0e3d2e9a1889f8591a04203c6657df3085/client.js:97
[    2148ms] [INFO] ILC: Registry service preheated successfully @ https://spaceship-cdn.com/ilc-conventional/69c2ad0e3d2e9a1889f8591a04203c6657df3085/client.js:97
[    2169ms] [INFO] ILC: Registering app @cookieconsent after 75.80000001192093 milliseconds. @ https://spaceship-cdn.com/ilc-conventional/69c2ad0e3d2e9a1889f8591a04203c6657df3085/client.js:97
[    2173ms] [INFO] ILC: Registering app @header after 80 milliseconds. @ https://spaceship-cdn.com/ilc-conventional/69c2ad0e3d2e9a1889f8591a04203c6657df3085/client.js:97
[    2174ms] [INFO] ILC: Registering app @user-restrictions after 81.5 milliseconds. @ https://spaceship-cdn.com/ilc-conventional/69c2ad0e3d2e9a1889f8591a04203c6657df3085/client.js:97
[    2175ms] [INFO] ILC: Registering app @body after 82.40000003576279 milliseconds. @ https://spaceship-cdn.com/ilc-conventional/69c2ad0e3d2e9a1889f8591a04203c6657df3085/client.js:97
[    2180ms] [INFO] ILC: Registering app @newsletter after 87 milliseconds. @ https://spaceship-cdn.com/ilc-conventional/69c2ad0e3d2e9a1889f8591a04203c6657df3085/client.js:97
[    2182ms] [INFO] ILC: Registering app @footer after 89.90000003576279 milliseconds. @ https://spaceship-cdn.com/ilc-conventional/69c2ad0e3d2e9a1889f8591a04203c6657df3085/client.js:97
[    2184ms] [INFO] ILC: Registering app @wizard after 91.60000002384186 milliseconds. @ https://spaceship-cdn.com/ilc-conventional/69c2ad0e3d2e9a1889f8591a04203c6657df3085/client.js:97
[    2186ms] [INFO] ILC: Registering app @alf-launcher after 93.40000003576279 milliseconds. @ https://spaceship-cdn.com/ilc-conventional/69c2ad0e3d2e9a1889f8591a04203c6657df3085/client.js:97
[    3099ms] [INFO] ILC: Client side route change to "/" took 958 milliseconds. @ https://spaceship-cdn.com/ilc-conventional/69c2ad0e3d2e9a1889f8591a04203c6657df3085/client.js:97
[    3099ms] [INFO] ILC: Client side route change to "/" but <title> is <empty> @ https://spaceship-cdn.com/ilc-conventional/69c2ad0e3d2e9a1889f8591a04203c6657df3085/client.js:97
[   32080ms] [ERROR] Framing 'https://www.facebook.com/' violates the following Content Security Policy directive: "frame-src https://*.paypal.com https://js.stripe.com https://www.google.com https://*.doubleclick.net https://*.googletagmanager.com https://*.crazyegg.com https://*.trustpilot.com https://chat.engagement.ai blob: https://hooks.stripe.com https://challenges.cloudflare.com https://cdn.plaid.com https://www.spaceship.com https://www.youtube-nocookie.com". The request has been blocked.
 @ https://www.googletagmanager.com/:0
[   33684ms] [ERROR] Framing 'https://www.facebook.com/' violates the following Content Security Policy directive: "frame-src https://*.paypal.com https://js.stripe.com https://www.google.com https://*.doubleclick.net https://*.googletagmanager.com https://*.crazyegg.com https://*.trustpilot.com https://chat.engagement.ai blob: https://hooks.stripe.com https://challenges.cloudflare.com https://cdn.plaid.com https://www.spaceship.com https://www.youtube-nocookie.com". The request has been blocked.
 @ https://www.googletagmanager.com/:0
[   61228ms] [ERROR] Framing 'https://www.facebook.com/' violates the following Content Security Policy directive: "frame-src https://*.paypal.com https://js.stripe.com https://www.google.com https://*.doubleclick.net https://*.googletagmanager.com https://*.crazyegg.com https://*.trustpilot.com https://chat.engagement.ai blob: https://hooks.stripe.com https://challenges.cloudflare.com https://cdn.plaid.com https://www.spaceship.com https://www.youtube-nocookie.com". The request has been blocked.
 @ https://www.googletagmanager.com/:0
[   61627ms] [ERROR] Failed to load resource: the server responded with a status of 400 () @ https://www.spaceship.com/connect/token:0
[   66773ms] [ERROR] Framing 'https://www.facebook.com/' violates the following Content Security Policy directive: "frame-src https://*.paypal.com https://js.stripe.com https://www.google.com https://*.doubleclick.net https://*.googletagmanager.com https://*.crazyegg.com https://*.trustpilot.com https://chat.engagement.ai blob: https://hooks.stripe.com https://challenges.cloudflare.com https://cdn.plaid.com https://www.spaceship.com https://www.youtube-nocookie.com". The request has been blocked.
 @ https://www.googletagmanager.com/:0
[   67303ms] [ERROR] Failed to load resource: the server responded with a status of 400 () @ https://www.spaceship.com/connect/token:0
[  184999ms] [ERROR] Framing 'https://www.facebook.com/' violates the following Content Security Policy directive: "frame-src https://*.paypal.com https://js.stripe.com https://www.google.com https://*.doubleclick.net https://*.googletagmanager.com https://*.crazyegg.com https://*.trustpilot.com https://chat.engagement.ai blob: https://hooks.stripe.com https://challenges.cloudflare.com https://cdn.plaid.com https://www.spaceship.com https://www.youtube-nocookie.com". The request has been blocked.
 @ https://www.googletagmanager.com/:0
[  186496ms] [ERROR] identity-server-ui | Error occurred during credentials.get call. | System cancel @ https://spaceship-cdn.com/identity-server-ui/app.efbc02807624ddfdb6d7.js:49
[  217237ms] [ERROR] Framing 'https://www.facebook.com/' violates the following Content Security Policy directive: "frame-src https://*.paypal.com https://js.stripe.com https://www.google.com https://*.doubleclick.net https://*.googletagmanager.com https://*.crazyegg.com https://*.trustpilot.com https://chat.engagement.ai blob: https://hooks.stripe.com https://challenges.cloudflare.com https://cdn.plaid.com https://www.spaceship.com https://www.youtube-nocookie.com". The request has been blocked.
 @ https://www.googletagmanager.com/:0
[  219861ms] [LOG] start ....  @ https://spaceship-cdn.com/ilc-conventional/69c2ad0e3d2e9a1889f8591a04203c6657df3085/client.js:97
[  219870ms] [INFO] authentication.signedIn @ https://spaceship-cdn.com/sharedstaticresources-ui/main.ac34933d56c4e9e810d7.js:151
[  223682ms] [INFO] ILC: Client side route change to "/launchpad/" took 3664 milliseconds. @ https://spaceship-cdn.com/ilc-conventional/69c2ad0e3d2e9a1889f8591a04203c6657df3085/client.js:97
[  223692ms] [INFO] ILC: Client side route change to "/launchpad/" but not mutate <title>. Previous title is <empty> @ https://spaceship-cdn.com/ilc-conventional/69c2ad0e3d2e9a1889f8591a04203c6657df3085/client.js:97
[  223692ms] [INFO] ILC: Client side route change to "/launchpad/" but <title> is <empty> @ https://spaceship-cdn.com/ilc-conventional/69c2ad0e3d2e9a1889f8591a04203c6657df3085/client.js:97
