[   10842ms] [ERROR] Failed to load resource: the server responded with a status of 504 (Outdated Optimize Dep) @ http://localhost:4321/@id/astro/runtime/client/dev-toolbar/entrypoint.js:0
[   11050ms] [INFO] %cDownload the React DevTools for a better development experience: https://react.dev/link/react-devtools font-weight:bold @ http://localhost:4321/node_modules/.vite/deps/chunk-COG5TVXY.js?v=b349cb7e:20102
[   57579ms] [ERROR] Failed to load resource: the server responded with a status of 404 (Not Found) @ http://localhost:4321/pagefind/pagefind.js:0
[   80704ms] [INFO] Launched external handler for 'mailto:walker@example.com'. @ http://localhost:4321/about:0
[  129980ms] [ERROR] Failed to load resource: the server responded with a status of 504 (Outdated Optimize Dep) @ http://localhost:4321/@id/astro/runtime/client/dev-toolbar/entrypoint.js:0
[  130000ms] [INFO] %cDownload the React DevTools for a better development experience: https://react.dev/link/react-devtools font-weight:bold @ http://localhost:4321/node_modules/.vite/deps/chunk-COG5TVXY.js?v=b349cb7e:20102
[  142488ms] [ERROR] Failed to load resource: the server responded with a status of 404 () @ https://formspree.io/f/xxx:0
[  151188ms] [ERROR] Access to CSS stylesheet at 'https://fonts.googleapis.com/css?family=Source+Code+Pro:400,700&display=swap' from origin 'https://formspree.io' has been blocked by CORS policy: Permission was denied for this request to access the `loopback` address space. @ https://formspree.io/f/xxx:0
[  151188ms] [ERROR] Failed to load resource: net::ERR_FAILED @ https://fonts.googleapis.com/css?family=Source+Code+Pro:400,700&display=swap:0
[  151189ms] [ERROR] Access to CSS stylesheet at 'https://fonts.googleapis.com/css?family=Inter:400,500,600,700&display=swap' from origin 'https://formspree.io' has been blocked by CORS policy: Permission was denied for this request to access the `loopback` address space. @ https://formspree.io/f/xxx:0
[  151189ms] [ERROR] Failed to load resource: net::ERR_FAILED @ https://fonts.googleapis.com/css?family=Inter:400,500,600,700&display=swap:0
[  151255ms] [ERROR] Access to CSS stylesheet at 'https://fonts.googleapis.com/css?family=Open+Sans:400,400i,600,700&display=swap' from origin 'https://formspree.io' has been blocked by CORS policy: Permission was denied for this request to access the `loopback` address space. @ https://formspree.io/f/xxx:0
[  151255ms] [ERROR] Failed to load resource: net::ERR_FAILED @ https://fonts.googleapis.com/css?family=Open+Sans:400,400i,600,700&display=swap:0
[  161249ms] [ERROR] Access to font at 'https://fonts.gstatic.com/s/inter/v12/UcC73FwrK3iLTeHuS_fvQtMwCp50KnMa1ZL7W0Q5nw.woff2' from origin 'https://formspree.io' has been blocked by CORS policy: No 'Access-Control-Allow-Origin' header is present on the requested resource. @ https://formspree.io/:0
[  161249ms] [ERROR] Failed to load resource: net::ERR_FAILED @ https://fonts.gstatic.com/s/inter/v12/UcC73FwrK3iLTeHuS_fvQtMwCp50KnMa1ZL7W0Q5nw.woff2:0
[  164949ms] [ERROR] Access to CSS stylesheet at 'https://fonts.googleapis.com/css2?family=Inter:wght@400;500;600;700&display=swap' from origin 'https://formspree.io' has been blocked by CORS policy: Permission was denied for this request to access the `loopback` address space. @ https://formspree.io/:0
[  164949ms] [ERROR] Failed to load resource: net::ERR_FAILED @ https://fonts.googleapis.com/css2?family=Inter:wght@400;500;600;700&display=swap:0
[  169972ms] [ERROR] Failed to load resource: the server responded with a status of 404 () @ https://formspree.io/f/xxx:0
[  170014ms] [ERROR] Access to CSS stylesheet at 'https://fonts.googleapis.com/css?family=Inter:400,500,600,700&display=swap' from origin 'https://formspree.io' has been blocked by CORS policy: Permission was denied for this request to access the `loopback` address space. @ https://formspree.io/f/xxx:0
[  170014ms] [ERROR] Failed to load resource: net::ERR_FAILED @ https://fonts.googleapis.com/css?family=Inter:400,500,600,700&display=swap:0
[  170014ms] [ERROR] Access to CSS stylesheet at 'https://fonts.googleapis.com/css?family=Open+Sans:400,400i,600,700&display=swap' from origin 'https://formspree.io' has been blocked by CORS policy: Permission was denied for this request to access the `loopback` address space. @ https://formspree.io/f/xxx:0
[  170014ms] [ERROR] Failed to load resource: net::ERR_FAILED @ https://fonts.googleapis.com/css?family=Open+Sans:400,400i,600,700&display=swap:0
[  170015ms] [ERROR] Access to CSS stylesheet at 'https://fonts.googleapis.com/css?family=Source+Code+Pro:400,700&display=swap' from origin 'https://formspree.io' has been blocked by CORS policy: Permission was denied for this request to access the `loopback` address space. @ https://formspree.io/f/xxx:0
[  170015ms] [ERROR] Failed to load resource: net::ERR_FAILED @ https://fonts.googleapis.com/css?family=Source+Code+Pro:400,700&display=swap:0
[  170644ms] [ERROR] Failed to load resource: the server responded with a status of 504 (Outdated Optimize Dep) @ http://localhost:4321/@id/astro/runtime/client/dev-toolbar/entrypoint.js:0
[  170843ms] [INFO] %cDownload the React DevTools for a better development experience: https://react.dev/link/react-devtools font-weight:bold @ http://localhost:4321/node_modules/.vite/deps/chunk-COG5TVXY.js?v=b349cb7e:20102
[  264805ms] [ERROR] Failed to load resource: the server responded with a status of 504 (Outdated Optimize Dep) @ http://localhost:4321/@id/astro/runtime/client/dev-toolbar/entrypoint.js:0
[  264886ms] [INFO] %cDownload the React DevTools for a better development experience: https://react.dev/link/react-devtools font-weight:bold @ http://localhost:4321/node_modules/.vite/deps/chunk-COG5TVXY.js?v=b349cb7e:20102
