[     898ms] [WARNING] iso_swr: SSR fetch failed for "/v1/dashboard/projects/adgai-walker?teamId=praxiswalker-6245s-projects" {error: iso_swr_fetch_error, message: The request is missing an authentication token} @ https://vercel.com/praxiswalker-6245s-projects/adgai-walker:543
[     898ms] [WARNING] iso_swr: SSR fetch failed for "/api/v2/teams/praxiswalker-6245s-projects" {error: iso_swr_fetch_error, message: The request is missing an authentication token} @ https://vercel.com/praxiswalker-6245s-projects/adgai-walker:543
[    1253ms] [WARNING] iso_swr: SSR fetch failed for "/api/v8/projects?includePermissions=false&latestDeployments=0&limit=10&search=&slug=praxiswalker-6245s-projects" {error: iso_swr_fetch_error, message: The request is missing an authentication token} @ https://vercel.com/praxiswalker-6245s-projects/adgai-walker:622
[    1253ms] [WARNING] iso_swr: SSR fetch failed for "/api/v6/deployments?limit=10&projectId=adgai-walker&rollbackCandidate=true&teamId=praxiswalker-6245s-projects" {error: iso_swr_fetch_error, message: The request is missing an authentication token} @ https://vercel.com/praxiswalker-6245s-projects/adgai-walker:622
[    1417ms] [LOG] %c
▲

    ____                               _ __
   / __ \________  ____ _____ ___     (_) /_
  / / / / ___/ _ \/ __ `/ __ `__ \   / / __/
 / /_/ / /  /  __/ /_/ / / / / / /  / / /__
/_____/_/   \___/\__,_/_/ /_/ /_/  /_/\__( )
   _____ __    _          _ __           |/
  / ___// /_  (_)___     (_) /_
  \__ \/ __ \/ / __ \   / / __/
 ___/ / / / / / /_/ /  / / /_
/____/_/ /_/_/ .___/  /_/\__/
            /_/
  

Hello!

- Open Source https://vercel.com/oss
- Careers https://vercel.com/careers
- Status https://vercel-status.com

 font-family: "Geist Mono", monospace; white-space: pre; line-height: 1; @ https://vercel.com/_next/static/chunks/1l29vw7u8_irq.js?dpl=dpl_Br2SfEhVjKucEZMXUTsTLMsBt5rn:78
[    1496ms] [WARNING] iso_swr: SSR fetch failed for "/api/v9/projects/adgai-walker?activeBranches=1&latestDeployments=1&rollbackInfo=true&teamId=praxiswalker-6245s-projects" {error: iso_swr_fetch_error, message: The request is missing an authentication token} @ https://vercel.com/praxiswalker-6245s-projects/adgai-walker:701
[    1496ms] [WARNING] iso_swr: SSR fetch failed for "/api/v6/deployments?limit=10&projectId=adgai-walker&state=INITIALIZING%2CREADY%2CERROR%2CBUILDING%2CQUEUED&target=preview&teamId=praxiswalker-6245s-projects" {error: iso_swr_fetch_error, message: The request is missing an authentication token} @ https://vercel.com/praxiswalker-6245s-projects/adgai-walker:701
[    1499ms] [WARNING] iso_swr: SSR fetch failed for "/dashboard/projects/adgai-walker/production-checklist?teamId=praxiswalker-6245s-projects" {error: iso_swr_fetch_error, message: The request is missing an authentication token} @ https://vercel.com/praxiswalker-6245s-projects/adgai-walker:791
[    2272ms] [WARNING] iso_swr[warn] [client] fallback error for key: "/api/v2/teams/praxiswalker-6245s-projects" {error: iso_swr_fetch_error, message: The request is missing an authentication token} @ https://vercel.com/_next/static/chunks/0890tkxeic_zi.js?dpl=dpl_Br2SfEhVjKucEZMXUTsTLMsBt5rn:6
[    2762ms] [WARNING] iso_swr[warn] [client] fallback error for key: "/v1/dashboard/projects/adgai-walker?teamId=praxiswalker-6245s-projects" {error: iso_swr_fetch_error, message: The request is missing an authentication token} @ https://vercel.com/_next/static/chunks/0890tkxeic_zi.js?dpl=dpl_Br2SfEhVjKucEZMXUTsTLMsBt5rn:6
[    3623ms] [ERROR] Failed to load resource: the server responded with a status of 403 () @ https://vercel.com/api/v1/dashboard/projects/adgai-walker?teamId=praxiswalker-6245s-projects:0
[    3623ms] [ERROR] Failed to load resource: the server responded with a status of 403 () @ https://vercel.com/api/jwt:0
[    3624ms] [ERROR] Failed to load resource: the server responded with a status of 403 () @ https://vercel.com/api/v1/notifications/push:0
[    3631ms] [ERROR] Failed to load resource: the server responded with a status of 403 () @ https://vercel.com/api/dashboard/projects/adgai-walker/activity?teamId=praxiswalker-6245s-projects:0
[    3938ms] [ERROR] Failed to load resource: the server responded with a status of 403 () @ https://vercel.com/api/recents?hydrateLimit=30&limit=7&teamId=praxiswalker-6245s-projects&type=preview:0
[    3938ms] [ERROR] Failed to load resource: the server responded with a status of 403 () @ https://vercel.com/api/v2/dashboard/projects?favorites=1&limit=25&teamId=praxiswalker-6245s-projects:0
[    3969ms] [ERROR] Failed to load resource: the server responded with a status of 403 () @ https://vercel.com/api/v2/teams/praxiswalker-6245s-projects:0
[    3975ms] [ERROR] The script resource is behind a redirect, which is disallowed. @ :0
[    3989ms] [ERROR] Failed to load resource: the server responded with a status of 403 () @ https://vercel.com/api/nav/sidebar/badges?scope=project&teamId=praxiswalker-6245s-projects&projectId=adgai-walker:0
[    4213ms] [LOG] %c
▲

 _____ _              _                    _   _             __
|_   _| |__   ___    / \   __ _  ___ _ __ | |_(_) ___       / /
  | | | '_ \ / _ \  / _ \ / _` |/ _ \ '_ \| __| |/ __|     / /
  | | | | | |  __/ / ___ \ (_| |  __/ | | | |_| | (__     /_/
  |_| |_| |_|\___|/_/   \_\__, |\___|_| |_|\__|_|\___|    (_)
                           |___/
 ___        __               _                   _                 _
|_ _|_ __  / _|_ __ __ _ ___| |_ _ __ _   _  ___| |_ _   _ _ __ ___
 | || '_ \| |_| '__/ _` / __| __| '__| | | |/ __| __| | | | '__/ _ \
 | || | | |  _| | | (_| \__ \ |_| |  | |_| | (__| |_| |_| | | |  __/
|___|_| |_|_| |_|  \__,_|___/\__|_|   \__,_|\___|\__|\__,_|_|  \___|
  

Hello!

- Open Source https://vercel.com/oss
- Careers https://vercel.com/careers
- Status https://vercel-status.com

 font-family: "Geist Mono", monospace; white-space: pre; line-height: 1; @ https://vercel.com/_next/static/chunks/1l29vw7u8_irq.js?dpl=dpl_Br2SfEhVjKucEZMXUTsTLMsBt5rn:78
[    4849ms] [ERROR] Failed to load resource: the server responded with a status of 403 () @ https://vercel.com/api/jwt:0
[    5152ms] [WARNING] Deprecated API for given entry type. @ https://vercel.com/_next/static/chunks/24660xudx800e.js?dpl=dpl_Br2SfEhVjKucEZMXUTsTLMsBt5rn:18
[    5204ms] [WARNING] [GSI_LOGGER]: Your client application uses one of the Google One Tap prompt UI status methods that may stop functioning when FedCM becomes mandatory. Refer to the migration guide to update your code accordingly and opt-in to FedCM to test your changes. Learn more: https://developers.google.com/identity/gsi/web/guides/fedcm-migration?s=dc#display_moment and https://developers.google.com/identity/gsi/web/guides/fedcm-migration?s=dc#skipped_moment @ https://vercel.com/_next/static/chunks/24660xudx800e.js?dpl=dpl_Br2SfEhVjKucEZMXUTsTLMsBt5rn:16
[    5209ms] [ERROR] Not signed in with the identity provider. @ https://vercel.com/login?next=%2Fpraxiswalker-6245s-projects%2Fadgai-walker:0
[    6041ms] [ERROR] [GSI_LOGGER]: FedCM get() rejects with NetworkError: Error retrieving a token. @ https://vercel.com/_next/static/chunks/3yv8klg8ad96z.js?dpl=dpl_Br2SfEhVjKucEZMXUTsTLMsBt5rn:1
[    9267ms] [WARNING] The resource https://vercel.com/_next/static/media/ebay-dark.34mho2a18qqlt.svg?dpl=dpl_Br2SfEhVjKucEZMXUTsTLMsBt5rn was preloaded using link preload but not used within a few seconds from the window's load event. Please make sure it has an appropriate `as` value and it is preloaded intentionally. @ https://vercel.com/login?next=%2Fpraxiswalker-6245s-projects%2Fadgai-walker:0
[    9267ms] [WARNING] The resource https://vercel.com/_next/static/media/adobe-light.406_7oryl71va.svg?dpl=dpl_Br2SfEhVjKucEZMXUTsTLMsBt5rn was preloaded using link preload but not used within a few seconds from the window's load event. Please make sure it has an appropriate `as` value and it is preloaded intentionally. @ https://vercel.com/login?next=%2Fpraxiswalker-6245s-projects%2Fadgai-walker:0
[    9267ms] [WARNING] The resource https://vercel.com/_next/static/chunks/09f00n8m302ia.css?dpl=dpl_Br2SfEhVjKucEZMXUTsTLMsBt5rn was preloaded using link preload but not used within a few seconds from the window's load event. Please make sure it has an appropriate `as` value and it is preloaded intentionally. @ https://vercel.com/login?next=%2Fpraxiswalker-6245s-projects%2Fadgai-walker:0
[    9267ms] [WARNING] The resource https://vercel.com/_next/static/media/stripe-light.2l_1jctpe6k_4.svg?dpl=dpl_Br2SfEhVjKucEZMXUTsTLMsBt5rn was preloaded using link preload but not used within a few seconds from the window's load event. Please make sure it has an appropriate `as` value and it is preloaded intentionally. @ https://vercel.com/login?next=%2Fpraxiswalker-6245s-projects%2Fadgai-walker:0
[    9267ms] [WARNING] The resource https://vercel.com/_next/static/media/stripe-dark.16ozjth2vgb_3.svg?dpl=dpl_Br2SfEhVjKucEZMXUTsTLMsBt5rn was preloaded using link preload but not used within a few seconds from the window's load event. Please make sure it has an appropriate `as` value and it is preloaded intentionally. @ https://vercel.com/login?next=%2Fpraxiswalker-6245s-projects%2Fadgai-walker:0
[    9267ms] [WARNING] The resource https://vercel.com/_next/static/media/ebay-light.3ft_ki8203ov0.svg?dpl=dpl_Br2SfEhVjKucEZMXUTsTLMsBt5rn was preloaded using link preload but not used within a few seconds from the window's load event. Please make sure it has an appropriate `as` value and it is preloaded intentionally. @ https://vercel.com/login?next=%2Fpraxiswalker-6245s-projects%2Fadgai-walker:0
[   96375ms] [LOG] %c%s color: red; background: yellow; font-size: 24px; 警告！ @ https://www.gstatic.com/_/mss/boq-identity/_/js/k=boq-identity.AccountsSignInUi.zh_CN.M-UzfDx4jkw.es5.O/am=Kd8AAAChEAVCBgDj__8HAAiAIGrg9SwATSAyAAAAAAAAAABgAQAAGgE/d=1/excm=_b,_tp,accountchooserview/ed=1/dg=0/wt=2/ujg=1/rs=AOaEmlFOvdrFFqGidhhvWR7AOi-g8ejxOQ/dti=1/m=_b,_tp:542
[   96375ms] [LOG] %c%s font-size: 18px; 使用此控制台可能会导致攻击程序利用 Self-XSS 攻击冒充您并窃取您的信息。
请勿输入或粘贴您不明白的代码。 @ https://www.gstatic.com/_/mss/boq-identity/_/js/k=boq-identity.AccountsSignInUi.zh_CN.M-UzfDx4jkw.es5.O/am=Kd8AAAChEAVCBgDj__8HAAiAIGrg9SwATSAyAAAAAAAAAABgAQAAGgE/d=1/excm=_b,_tp,accountchooserview/ed=1/dg=0/wt=2/ujg=1/rs=AOaEmlFOvdrFFqGidhhvWR7AOi-g8ejxOQ/dti=1/m=_b,_tp:542
[  107826ms] [LOG] %c%s color: red; background: yellow; font-size: 24px; 警告！ @ https://www.gstatic.com/_/mss/boq-identity/_/js/k=boq-identity.AccountsSignInUi.zh_CN.M-UzfDx4jkw.es5.O/am=Kd8AAAChEAVCBgDj__8HAAiAIGrg9SwATSAyAAAAAAAAAABgAQAAGgE/d=1/excm=_b,_tp,accountchooserview/ed=1/dg=0/wt=2/ujg=1/rs=AOaEmlFOvdrFFqGidhhvWR7AOi-g8ejxOQ/dti=1/m=_b,_tp:542
[  107827ms] [LOG] %c%s font-size: 18px; 使用此控制台可能会导致攻击程序利用 Self-XSS 攻击冒充您并窃取您的信息。
请勿输入或粘贴您不明白的代码。 @ https://www.gstatic.com/_/mss/boq-identity/_/js/k=boq-identity.AccountsSignInUi.zh_CN.M-UzfDx4jkw.es5.O/am=Kd8AAAChEAVCBgDj__8HAAiAIGrg9SwATSAyAAAAAAAAAABgAQAAGgE/d=1/excm=_b,_tp,accountchooserview/ed=1/dg=0/wt=2/ujg=1/rs=AOaEmlFOvdrFFqGidhhvWR7AOi-g8ejxOQ/dti=1/m=_b,_tp:542
[  132704ms] [LOG] %c%s color: red; background: yellow; font-size: 24px; 警告！ @ https://www.gstatic.com/_/mss/boq-identity/_/js/k=boq-identity.AccountsSignInUi.zh_CN.M-UzfDx4jkw.es5.O/am=Kd8AAAChEAVCBgDj__8HAAiAIGrg9SwATSAyAAAAAAAAAABgAQAAGgE/d=1/excm=_b,_tp,accountchooserview/ed=1/dg=0/wt=2/ujg=1/rs=AOaEmlFOvdrFFqGidhhvWR7AOi-g8ejxOQ/dti=1/m=_b,_tp:542
[  132704ms] [LOG] %c%s font-size: 18px; 使用此控制台可能会导致攻击程序利用 Self-XSS 攻击冒充您并窃取您的信息。
请勿输入或粘贴您不明白的代码。 @ https://www.gstatic.com/_/mss/boq-identity/_/js/k=boq-identity.AccountsSignInUi.zh_CN.M-UzfDx4jkw.es5.O/am=Kd8AAAChEAVCBgDj__8HAAiAIGrg9SwATSAyAAAAAAAAAABgAQAAGgE/d=1/excm=_b,_tp,accountchooserview/ed=1/dg=0/wt=2/ujg=1/rs=AOaEmlFOvdrFFqGidhhvWR7AOi-g8ejxOQ/dti=1/m=_b,_tp:542
[  155467ms] [LOG] %c
▲

 _____ _              _                    _   _             __
|_   _| |__   ___    / \   __ _  ___ _ __ | |_(_) ___       / /
  | | | '_ \ / _ \  / _ \ / _` |/ _ \ '_ \| __| |/ __|     / /
  | | | | | |  __/ / ___ \ (_| |  __/ | | | |_| | (__     /_/
  |_| |_| |_|\___|/_/   \_\__, |\___|_| |_|\__|_|\___|    (_)
                           |___/
 ___        __               _                   _                 _
|_ _|_ __  / _|_ __ __ _ ___| |_ _ __ _   _  ___| |_ _   _ _ __ ___
 | || '_ \| |_| '__/ _` / __| __| '__| | | |/ __| __| | | | '__/ _ \
 | || | | |  _| | | (_| \__ \ |_| |  | |_| | (__| |_| |_| | | |  __/
|___|_| |_|_| |_|  \__,_|___/\__|_|   \__,_|\___|\__|\__,_|_|  \___|
  

Hello!

- Open Source https://vercel.com/oss
- Careers https://vercel.com/careers
- Status https://vercel-status.com

 font-family: "Geist Mono", monospace; white-space: pre; line-height: 1; @ https://vercel.com/_next/static/chunks/0-ql08uahvm61.js?dpl=dpl_Br2SfEhVjKucEZMXUTsTLMsBt5rn:78
[  155724ms] [WARNING] Deprecated API for given entry type. @ https://vercel.com/_next/static/chunks/0p4bfob-v5nr-.js?dpl=dpl_Br2SfEhVjKucEZMXUTsTLMsBt5rn:18
[  156048ms] [ERROR] Failed to load resource: the server responded with a status of 403 () @ https://vercel.com/api/jwt:0
[  159814ms] [ERROR] Failed to load resource: the server responded with a status of 404 () @ https://vercel.com/_next/data/build-TfctsWXpff2fKS/praxiswalker-6245s-projects/adgai-walker.json:0
[  161235ms] [LOG] %c
▲

__  __                                     _            __
\ \/ /___  __  __   _________ _____       (_)_  _______/ /_
 \  / __ \/ / / /  / ___/ __ `/ __ \     / / / / / ___/ __/
 / / /_/ / /_/ /  / /__/ /_/ / / / /    / / /_/ (__  ) /_
/_/\____/\__,_/   \___/\__,_/_/ /_/  __/ /\__,_/____/\__/
         __    _          __  __    /___/
   _____/ /_  (_)___     / /_/ /_  (_)___  ____ ______
  / ___/ __ \/ / __ \   / __/ __ \/ / __ \/ __ `/ ___/
 (__  ) / / / / /_/ /  / /_/ / / / / / / / /_/ (__  )
/____/_/ /_/_/ .___/   \__/_/ /_/_/_/ /_/\__, /____/
            /_/                         /____/
  

Hello!

- Open Source https://vercel.com/oss
- Careers https://vercel.com/careers
- Status https://vercel-status.com

 font-family: "Geist Mono", monospace; white-space: pre; line-height: 1; @ https://vercel.com/_next/static/chunks/1l29vw7u8_irq.js?dpl=dpl_Br2SfEhVjKucEZMXUTsTLMsBt5rn:78
[  163233ms] [WARNING] Deprecated API for given entry type. @ https://vercel.com/_next/static/chunks/24660xudx800e.js?dpl=dpl_Br2SfEhVjKucEZMXUTsTLMsBt5rn:18
[  177599ms] [WARNING] The resource https://vercel.com/_next/static/chunks/3d792zqltro0t.css?dpl=dpl_Br2SfEhVjKucEZMXUTsTLMsBt5rn was preloaded using link preload but not used within a few seconds from the window's load event. Please make sure it has an appropriate `as` value and it is preloaded intentionally. @ https://vercel.com/praxiswalker-6245s-projects/adgai-walker:0
[  177600ms] [WARNING] The resource https://vercel.com/_next/static/chunks/08cd0i4vtwexf.css?dpl=dpl_Br2SfEhVjKucEZMXUTsTLMsBt5rn was preloaded using link preload but not used within a few seconds from the window's load event. Please make sure it has an appropriate `as` value and it is preloaded intentionally. @ https://vercel.com/praxiswalker-6245s-projects/adgai-walker:0
[  177600ms] [WARNING] The resource https://vercel.com/_next/static/chunks/0ld0e81xyg1qc.css?dpl=dpl_Br2SfEhVjKucEZMXUTsTLMsBt5rn was preloaded using link preload but not used within a few seconds from the window's load event. Please make sure it has an appropriate `as` value and it is preloaded intentionally. @ https://vercel.com/praxiswalker-6245s-projects/adgai-walker:0
