[    1426ms] [ERROR] Failed to load resource: the server responded with a status of 404 () @ https://www.spaceship.com/zh/domains/iwalk.pro/dns/:0
[    1445ms] [WARNING] Manifest: property 'start_url' ignored, should be same origin as document. @ https://spaceship-cdn.com/static/spaceship/favicon/manifest-v4.json:0
[    1754ms] [INFO] ILC plugins SDK: Enabling "reporting" plugin ... @ https://spaceship-cdn.com/ilc-conventional/69c2ad0e3d2e9a1889f8591a04203c6657df3085/client.js:97
[    1754ms] [INFO] ILC plugins SDK: Enabling "transitionHooks" plugin ... @ https://spaceship-cdn.com/ilc-conventional/69c2ad0e3d2e9a1889f8591a04203c6657df3085/client.js:97
[    1756ms] [INFO] {now: 1777693611, hash: 3718087656, memoName: registry_getTemplate, id: undefined, cachedAt: 1777693334} [ILC Cache]: Item read from cache. Cache is actual @ https://spaceship-cdn.com/ilc-conventional/69c2ad0e3d2e9a1889f8591a04203c6657df3085/client.js:97
[    1937ms] [INFO] ILC: Registry service preheated successfully @ https://spaceship-cdn.com/ilc-conventional/69c2ad0e3d2e9a1889f8591a04203c6657df3085/client.js:97
[    2123ms] [INFO] ILC: Registering app @header after 365.60000002384186 milliseconds. @ https://spaceship-cdn.com/ilc-conventional/69c2ad0e3d2e9a1889f8591a04203c6657df3085/client.js:97
[    2129ms] [INFO] ILC: Registering app @body after 372.10000002384186 milliseconds. @ https://spaceship-cdn.com/ilc-conventional/69c2ad0e3d2e9a1889f8591a04203c6657df3085/client.js:97
[    2207ms] [INFO] ILC: Registering app @footer after 450 milliseconds. @ https://spaceship-cdn.com/ilc-conventional/69c2ad0e3d2e9a1889f8591a04203c6657df3085/client.js:97
[    2211ms] [INFO] ILC: Registering app @wizard after 454.10000002384186 milliseconds. @ https://spaceship-cdn.com/ilc-conventional/69c2ad0e3d2e9a1889f8591a04203c6657df3085/client.js:97
[    2836ms] [ERROR] Locale dictionaries do not include a dictionary for the 'zh-CN' locale @ https://spaceship-cdn.com/sharedstaticresources-ui/main.ac34933d56c4e9e810d7.js:151
[    2837ms] [ERROR] Locale dictionaries do not include a dictionary for the 'zh-CN' locale @ https://spaceship-cdn.com/sharedstaticresources-ui/main.ac34933d56c4e9e810d7.js:151
[    2837ms] [ERROR] Locale dictionaries do not include a dictionary for the 'zh-CN' locale @ https://spaceship-cdn.com/sharedstaticresources-ui/main.ac34933d56c4e9e810d7.js:151
[    2837ms] [ERROR] Locale dictionaries do not include a dictionary for the 'zh-CN' locale @ https://spaceship-cdn.com/sharedstaticresources-ui/main.ac34933d56c4e9e810d7.js:151
[    2837ms] [ERROR] Locale dictionaries do not include a dictionary for the 'zh-CN' locale @ https://spaceship-cdn.com/sharedstaticresources-ui/main.ac34933d56c4e9e810d7.js:151
[    2837ms] [ERROR] Locale dictionaries do not include a dictionary for the 'zh-CN' locale @ https://spaceship-cdn.com/sharedstaticresources-ui/main.ac34933d56c4e9e810d7.js:151
[    2838ms] [INFO] ILC: Client side route change to "special_404" took 903 milliseconds. @ https://spaceship-cdn.com/ilc-conventional/69c2ad0e3d2e9a1889f8591a04203c6657df3085/client.js:97
[    2838ms] [INFO] ILC: Client side route change to "special_404" but <title> is <empty> @ https://spaceship-cdn.com/ilc-conventional/69c2ad0e3d2e9a1889f8591a04203c6657df3085/client.js:97
[    2864ms] [ERROR] Locale dictionaries do not include a dictionary for the 'zh-CN' locale @ https://spaceship-cdn.com/sharedstaticresources-ui/main.ac34933d56c4e9e810d7.js:151
[    3701ms] [ERROR] Locale dictionaries do not include a dictionary for the 'zh-CN' locale @ https://spaceship-cdn.com/sharedstaticresources-ui/main.ac34933d56c4e9e810d7.js:151
[    3827ms] [ERROR] Locale dictionaries do not include a dictionary for the 'zh-CN' locale @ https://spaceship-cdn.com/sharedstaticresources-ui/main.ac34933d56c4e9e810d7.js:151
