[     603ms] [INFO] 框架和 SDK 输出的日志默认不展示，可在框架配置文件中设置开启，详见 https://doc.weixin.qq.com/doc/w3_AWkASAb9APAr8IdJI5VS0OyqetUE6?scode=ANAAyQcbAAgB8qKjm9AWkASAb9APA @ https://fe-static.xhscdn.com/formula-static/xhs-pc-web/public/resource/js/vendor-dynamic.43343d83.js:0
[     694ms] [LOG] Error @ :2
[     846ms] [LOG] Error @ :2
[     868ms] [LOG] Error @ :2
[     886ms] [LOG] Error @ :2
[     899ms] [LOG] Error @ :2
[    1249ms] [ERROR] Hydration completed but contains mismatches. @ https://fe-static.xhscdn.com/formula-static/xhs-pc-web/public/resource/js/library-vue.a815a0f6.js:0
[    1355ms] [LOG] Error @ :2
[    1363ms] [LOG] Error @ :2
[    1370ms] [LOG] Error @ :2
[    1377ms] [LOG] Error @ :2
[    1384ms] [LOG] Error @ :2
[    1487ms] [LOG] Service Worker registered success with scope: https://www.xiaohongshu.com/ @ https://fe-static.xhscdn.com/formula-static/xhs-pc-web/public/resource/js/index.9cf14cac.js:24
[    1536ms] [ERROR] [loginStatusInterceptor] Response error: HTTPServerError: 无登录信息，或登录信息为空
    at fulfilled (https://fe-static.xhscdn.com/formula-static/xhs-pc-web/public/resource/js/vendor-dynamic.43343d83.js:1:209233)
    at https://fe-static.xhscdn.com/formula-static/xhs-pc-web/public/resource/js/vendor-dynamic.43343d83.js:1:209762 {data: Object, status: 401, statusText: , headers: Object, config: Object} {url: //edith.xiaohongshu.com/api/sns/web/v2/user/me, method: get, headers: Object, transformRequest: Array(1), transformResponse: Array(1)} @ https://fe-static.xhscdn.com/formula-static/xhs-pc-web/public/resource/js/index.9cf14cac.js:24
[    1538ms] [ERROR] [loginStatusInterceptor] Response error: HTTPServerError: 无登录信息，或登录信息为空
    at fulfilled (https://fe-static.xhscdn.com/formula-static/xhs-pc-web/public/resource/js/vendor-dynamic.43343d83.js:1:209233)
    at https://fe-static.xhscdn.com/formula-static/xhs-pc-web/public/resource/js/vendor-dynamic.43343d83.js:1:209762 {data: Object, status: 401, statusText: , headers: Object, config: Object} {url: //edith.xiaohongshu.com/api/sns/web/v1/system/config, method: get, headers: Object, transformRequest: Array(1), transformResponse: Array(1)} @ https://fe-static.xhscdn.com/formula-static/xhs-pc-web/public/resource/js/index.9cf14cac.js:24
[    1612ms] [ERROR] [loginStatusInterceptor] Response error: HTTPServerError: 无登录信息，或登录信息为空
    at fulfilled (https://fe-static.xhscdn.com/formula-static/xhs-pc-web/public/resource/js/vendor-dynamic.43343d83.js:1:209233)
    at https://fe-static.xhscdn.com/formula-static/xhs-pc-web/public/resource/js/vendor-dynamic.43343d83.js:1:209762 {data: Object, status: 401, statusText: , headers: Object, config: Object} {url: //edith.xiaohongshu.com/api/sns/web/v2/user/me, method: get, headers: Object, transformRequest: Array(1), transformResponse: Array(1)} @ https://fe-static.xhscdn.com/formula-static/xhs-pc-web/public/resource/js/index.9cf14cac.js:24
[    1636ms] [LOG] Error @ :2
[    1659ms] [ERROR] [loginStatusInterceptor] Response error: HTTPServerError: 无登录信息，或登录信息为空
    at fulfilled (https://fe-static.xhscdn.com/formula-static/xhs-pc-web/public/resource/js/vendor-dynamic.43343d83.js:1:209233)
    at https://fe-static.xhscdn.com/formula-static/xhs-pc-web/public/resource/js/vendor-dynamic.43343d83.js:1:209762 {data: Object, status: 401, statusText: , headers: Object, config: Object} {url: //edith.xiaohongshu.com/api/sns/web/v2/user/me, method: get, headers: Object, transformRequest: Array(1), transformResponse: Array(1)} @ https://fe-static.xhscdn.com/formula-static/xhs-pc-web/public/resource/js/index.9cf14cac.js:24
[    1663ms] [LOG] Error @ :2
[    1810ms] [ERROR] [loginStatusInterceptor] Response error: HTTPServerError: 无登录信息，或登录信息为空
    at fulfilled (https://fe-static.xhscdn.com/formula-static/xhs-pc-web/public/resource/js/vendor-dynamic.43343d83.js:1:209233)
    at https://fe-static.xhscdn.com/formula-static/xhs-pc-web/public/resource/js/vendor-dynamic.43343d83.js:1:209762 {data: Object, status: 401, statusText: , headers: Object, config: Object} {url: //edith.xiaohongshu.com/api/sns/web/v2/user/me, method: get, headers: Object, transformRequest: Array(1), transformResponse: Array(1)} @ https://fe-static.xhscdn.com/formula-static/xhs-pc-web/public/resource/js/index.9cf14cac.js:24
[    1813ms] [LOG] Error @ :2
[    1877ms] [ERROR] TypeError: i is not a function
    at https://www.xiaohongshu.com/user/profile/68ca0a640000000022020d41?xsec_token=YBCaCdN1lE3EDXVL-S6dC4TXyatpZS1gCru93wsCBX4sw%3D&xsec_source=app_share&shareRedId=OD5FQTNGOj02NzUyOTgwNjg1OTk0STo6&apptime=1773041617&share_id=ffb23d2906214e1ba6f3986f4726116d&share_channel=copy_link&appuid=68ca0a640000000022020d41&xhsshare=CopyLink:1:4568 @ https://www.xiaohongshu.com/user/profile/68ca0a640000000022020d41?xsec_token=YBCaCdN1lE3EDXVL-S6dC4TXyatpZS1gCru93wsCBX4sw%3D&xsec_source=app_share&shareRedId=OD5FQTNGOj02NzUyOTgwNjg1OTk0STo6&apptime=1773041617&share_id=ffb23d2906214e1ba6f3986f4726116d&share_channel=copy_link&appuid=68ca0a640000000022020d41&xhsshare=CopyLink:0
[    2210ms] [INFO] Banner not shown: beforeinstallpromptevent.preventDefault() called. The page must call beforeinstallpromptevent.prompt() to show the banner. @ https://www.xiaohongshu.com/user/profile/68ca0a640000000022020d41?xsec_token=YBCaCdN1lE3EDXVL-S6dC4TXyatpZS1gCru93wsCBX4sw%3D&xsec_source=app_share&shareRedId=OD5FQTNGOj02NzUyOTgwNjg1OTk0STo6&apptime=1773041617&share_id=ffb23d2906214e1ba6f3986f4726116d&share_channel=copy_link&appuid=68ca0a640000000022020d41&xhsshare=CopyLink:0
[    2823ms] [ERROR] Failed to load resource: net::ERR_FAILED @ chrome-extension://invalid/:0
[    2823ms] [ERROR] Failed to load resource: net::ERR_FAILED @ chrome-extension://invalid/:0
[    2823ms] [ERROR] Failed to load resource: net::ERR_FAILED @ chrome-extension://invalid/:0
[    2823ms] [ERROR] Failed to load resource: net::ERR_FAILED @ chrome-extension://invalid/:0
[    2823ms] [ERROR] Failed to load resource: net::ERR_FAILED @ chrome-extension://invalid/:0
[    2823ms] [ERROR] Failed to load resource: net::ERR_FAILED @ chrome-extension://invalid/:0
[    2823ms] [ERROR] Failed to load resource: net::ERR_FAILED @ chrome-extension://invalid/:0
[    2823ms] [ERROR] Failed to load resource: net::ERR_FAILED @ chrome-extension://invalid/:0
[    4338ms] [LOG] Error @ :2
[    4509ms] [LOG] {measurement_name: paintTiming, measurement_data: Object} @ https://fe-static.xhscdn.com/formula-static/xhs-pc-web/public/resource/js/vendor-dynamic.43343d83.js:0
[    5077ms] [LOG] Error @ :2
[   11569ms] [LOG] {measurement_name: interactiveTiming, measurement_data: Object} @ https://fe-static.xhscdn.com/formula-static/xhs-pc-web/public/resource/js/vendor-dynamic.43343d83.js:0
[   11570ms] [LOG] {measurement_name: visualStability, measurement_data: Object} @ https://fe-static.xhscdn.com/formula-static/xhs-pc-web/public/resource/js/vendor-dynamic.43343d83.js:0
