[     786ms] [WARNING] Manifest: property 'start_url' ignored, should be same origin as document. @ https://spaceship-cdn.com/static/spaceship/favicon/manifest-v4.json:0
[     910ms] [INFO] ILC plugins SDK: Enabling "reporting" plugin ... @ https://spaceship-cdn.com/ilc-conventional/69c2ad0e3d2e9a1889f8591a04203c6657df3085/client.js:97
[     910ms] [INFO] ILC plugins SDK: Enabling "transitionHooks" plugin ... @ https://spaceship-cdn.com/ilc-conventional/69c2ad0e3d2e9a1889f8591a04203c6657df3085/client.js:97
[     914ms] [INFO] {now: 1777693636, hash: 3718087656, memoName: registry_getTemplate, id: undefined, cachedAt: 1777693334} [ILC Cache]: Item read from cache. Cache is actual @ https://spaceship-cdn.com/ilc-conventional/69c2ad0e3d2e9a1889f8591a04203c6657df3085/client.js:97
[    1083ms] [INFO] ILC: Registry service preheated successfully @ https://spaceship-cdn.com/ilc-conventional/69c2ad0e3d2e9a1889f8591a04203c6657df3085/client.js:97
[    1132ms] [INFO] ILC: Registering app @cookieconsent after 218.0999999642372 milliseconds. @ https://spaceship-cdn.com/ilc-conventional/69c2ad0e3d2e9a1889f8591a04203c6657df3085/client.js:97
[    1254ms] [INFO] ILC: Registering app @header after 339.39999997615814 milliseconds. @ https://spaceship-cdn.com/ilc-conventional/69c2ad0e3d2e9a1889f8591a04203c6657df3085/client.js:97
[    1259ms] [INFO] ILC: Registering app @user-restrictions after 344.89999997615814 milliseconds. @ https://spaceship-cdn.com/ilc-conventional/69c2ad0e3d2e9a1889f8591a04203c6657df3085/client.js:97
[    1264ms] [INFO] ILC: Registering app @body after 349.5 milliseconds. @ https://spaceship-cdn.com/ilc-conventional/69c2ad0e3d2e9a1889f8591a04203c6657df3085/client.js:97
[    1267ms] [INFO] ILC: Registering app @wizard after 353.0999999642372 milliseconds. @ https://spaceship-cdn.com/ilc-conventional/69c2ad0e3d2e9a1889f8591a04203c6657df3085/client.js:97
[    1271ms] [INFO] ILC: Registering app @alf-launcher after 357.30000001192093 milliseconds. @ https://spaceship-cdn.com/ilc-conventional/69c2ad0e3d2e9a1889f8591a04203c6657df3085/client.js:97
[    1282ms] [INFO] ILC: Client side route change to "/launchpad/" took 203 milliseconds. @ https://spaceship-cdn.com/ilc-conventional/69c2ad0e3d2e9a1889f8591a04203c6657df3085/client.js:97
[    1282ms] [INFO] ILC: Client side route change to "/launchpad/" but <title> is <empty> @ https://spaceship-cdn.com/ilc-conventional/69c2ad0e3d2e9a1889f8591a04203c6657df3085/client.js:97
[    1351ms] [ERROR] Locale dictionaries do not include a dictionary for the 'zh-CN' locale @ https://spaceship-cdn.com/sharedstaticresources-ui/main.ac34933d56c4e9e810d7.js:151
[    1377ms] [ERROR] Locale dictionaries do not include a dictionary for the 'zh-CN' locale @ https://spaceship-cdn.com/sharedstaticresources-ui/main.ac34933d56c4e9e810d7.js:151
[    1415ms] [ERROR] Locale dictionaries do not include a dictionary for the 'zh-CN' locale @ https://spaceship-cdn.com/sharedstaticresources-ui/main.ac34933d56c4e9e810d7.js:151
[    1420ms] [ERROR] Locale dictionaries do not include a dictionary for the 'zh-CN' locale @ https://spaceship-cdn.com/sharedstaticresources-ui/main.ac34933d56c4e9e810d7.js:151
[    1507ms] [ERROR] Locale dictionaries do not include a dictionary for the 'zh-CN' locale @ https://spaceship-cdn.com/sharedstaticresources-ui/main.ac34933d56c4e9e810d7.js:151
[    1550ms] [ERROR] Locale dictionaries do not include a dictionary for the 'zh-CN' locale @ https://spaceship-cdn.com/sharedstaticresources-ui/main.ac34933d56c4e9e810d7.js:151
[    1558ms] [ERROR] Locale dictionaries do not include a dictionary for the 'zh-CN' locale @ https://spaceship-cdn.com/sharedstaticresources-ui/main.ac34933d56c4e9e810d7.js:151
[    1612ms] [ERROR] Locale dictionaries do not include a dictionary for the 'zh-CN' locale @ https://spaceship-cdn.com/sharedstaticresources-ui/main.ac34933d56c4e9e810d7.js:151
[   74548ms] [LOG] start ....  @ https://spaceship-cdn.com/ilc-conventional/69c2ad0e3d2e9a1889f8591a04203c6657df3085/client.js:97
[   74902ms] [WARNING] Received Content-Type is empty @ https://spaceship-cdn.com/global-search/app.14c9d5070840fdba3e12.js:93
[   76360ms] [ERROR] Locale dictionaries do not include a dictionary for the 'zh-CN' locale @ https://spaceship-cdn.com/sharedstaticresources-ui/main.ac34933d56c4e9e810d7.js:151
[   76752ms] [INFO] ILC: Client side route change to "/application/advanced-dns-application/*" took 2198 milliseconds. @ https://spaceship-cdn.com/ilc-conventional/69c2ad0e3d2e9a1889f8591a04203c6657df3085/client.js:97
[   76755ms] [INFO] ILC: Client side route change to "/application/advanced-dns-application/*" but not mutate <title>. Previous title is <empty> @ https://spaceship-cdn.com/ilc-conventional/69c2ad0e3d2e9a1889f8591a04203c6657df3085/client.js:97
[   76755ms] [INFO] ILC: Client side route change to "/application/advanced-dns-application/*" but <title> is <empty> @ https://spaceship-cdn.com/ilc-conventional/69c2ad0e3d2e9a1889f8591a04203c6657df3085/client.js:97
[   77584ms] [LOG] start ....  @ https://spaceship-cdn.com/ilc-conventional/69c2ad0e3d2e9a1889f8591a04203c6657df3085/client.js:97
[   77651ms] [ERROR] Locale dictionaries do not include a dictionary for the 'zh-CN' locale @ https://spaceship-cdn.com/sharedstaticresources-ui/main.ac34933d56c4e9e810d7.js:151
[   77656ms] [INFO] ILC: Client side route change to "/application/advanced-dns-application/*" took 3103 milliseconds. @ https://spaceship-cdn.com/ilc-conventional/69c2ad0e3d2e9a1889f8591a04203c6657df3085/client.js:97
[   77674ms] [INFO] ILC: Client side route change to "/application/advanced-dns-application/*" but not mutate <title>. Previous title is <empty> @ https://spaceship-cdn.com/ilc-conventional/69c2ad0e3d2e9a1889f8591a04203c6657df3085/client.js:97
[   77674ms] [INFO] ILC: Client side route change to "/application/advanced-dns-application/*" but <title> is <empty> @ https://spaceship-cdn.com/ilc-conventional/69c2ad0e3d2e9a1889f8591a04203c6657df3085/client.js:97
[   77720ms] [ERROR] Locale dictionaries do not include a dictionary for the 'zh-CN' locale @ https://spaceship-cdn.com/sharedstaticresources-ui/main.ac34933d56c4e9e810d7.js:151
[   78073ms] [WARNING] Received Content-Type is empty @ https://spaceship-cdn.com/application-wrapper-ui/app.d360d6910ee7cd826726.js:32
[   78074ms] [WARNING] Received Content-Type is empty @ https://spaceship-cdn.com/application-wrapper-ui/app.d360d6910ee7cd826726.js:32
[   78512ms] [ERROR] Locale dictionaries do not include a dictionary for the 'zh-CN' locale @ https://spaceship-cdn.com/sharedstaticresources-ui/main.ac34933d56c4e9e810d7.js:151
[   79648ms] [ERROR] Locale dictionaries do not include a dictionary for the 'zh-CN' locale @ https://spaceship-cdn.com/sharedstaticresources-ui/main.ac34933d56c4e9e810d7.js:151
[   91608ms] [WARNING] [mobx.array] Attempt to read an array index (0) that is out of bounds (0). Please check length first. Out of bound indices will not be tracked by MobX @ https://spaceship-cdn.com/sharedstaticresources-ui/main.ac34933d56c4e9e810d7.js:104
[   91611ms] [WARNING] [mobx.array] Attempt to read an array index (0) that is out of bounds (0). Please check length first. Out of bound indices will not be tracked by MobX @ https://spaceship-cdn.com/sharedstaticresources-ui/main.ac34933d56c4e9e810d7.js:104
[  136919ms] [WARNING] [mobx.array] Attempt to read an array index (0) that is out of bounds (0). Please check length first. Out of bound indices will not be tracked by MobX @ https://spaceship-cdn.com/sharedstaticresources-ui/main.ac34933d56c4e9e810d7.js:104
[  136921ms] [WARNING] [mobx.array] Attempt to read an array index (0) that is out of bounds (0). Please check length first. Out of bound indices will not be tracked by MobX @ https://spaceship-cdn.com/sharedstaticresources-ui/main.ac34933d56c4e9e810d7.js:104
[  137430ms] [ERROR] Locale dictionaries do not include a dictionary for the 'zh-CN' locale @ https://spaceship-cdn.com/sharedstaticresources-ui/main.ac34933d56c4e9e810d7.js:151
[  139064ms] [ERROR] Locale dictionaries do not include a dictionary for the 'zh-CN' locale @ https://spaceship-cdn.com/sharedstaticresources-ui/main.ac34933d56c4e9e810d7.js:151
[  139290ms] [ERROR] Locale dictionaries do not include a dictionary for the 'zh-CN' locale @ https://spaceship-cdn.com/sharedstaticresources-ui/main.ac34933d56c4e9e810d7.js:151
[  151800ms] [WARNING] Listener must be a named function. @ https://spaceship-cdn.com/advanced-dns-application/app.a29dab89a6c9deea1a92.js:158
[  151800ms] [WARNING] Listener must be a named function. @ https://spaceship-cdn.com/advanced-dns-application/app.a29dab89a6c9deea1a92.js:158
[  151800ms] [WARNING] Listener must be a named function. @ https://spaceship-cdn.com/advanced-dns-application/app.a29dab89a6c9deea1a92.js:158
[  151800ms] [WARNING] Listener must be a named function. @ https://spaceship-cdn.com/advanced-dns-application/app.a29dab89a6c9deea1a92.js:158
[  407054ms] [WARNING] Listener must be a named function. @ https://spaceship-cdn.com/advanced-dns-application/app.a29dab89a6c9deea1a92.js:158
[  407054ms] [WARNING] Listener must be a named function. @ https://spaceship-cdn.com/advanced-dns-application/app.a29dab89a6c9deea1a92.js:158
[  407054ms] [WARNING] Listener must be a named function. @ https://spaceship-cdn.com/advanced-dns-application/app.a29dab89a6c9deea1a92.js:158
[  407054ms] [WARNING] Listener must be a named function. @ https://spaceship-cdn.com/advanced-dns-application/app.a29dab89a6c9deea1a92.js:158
