[   17638ms] [WARNING] Manifest: property 'start_url' ignored, should be same origin as document. @ https://spaceship-cdn.com/static/spaceship/favicon/manifest-v4.json:0
[   18096ms] [INFO] ILC plugins SDK: Enabling "reporting" plugin ... @ https://spaceship-cdn.com/ilc-conventional/69c2ad0e3d2e9a1889f8591a04203c6657df3085/client.js:97
[   18096ms] [INFO] ILC plugins SDK: Enabling "transitionHooks" plugin ... @ https://spaceship-cdn.com/ilc-conventional/69c2ad0e3d2e9a1889f8591a04203c6657df3085/client.js:97
[   18105ms] [INFO] {now: 1777693334, hash: 3718087656, memoName: registry_getTemplate, id: undefined, cachedAt: undefined} [ILC Cache]: Invalidation started @ https://spaceship-cdn.com/ilc-conventional/69c2ad0e3d2e9a1889f8591a04203c6657df3085/client.js:97
[   18107ms] [INFO] {now: 1777693334, hash: 3718087656, memoName: registry_getTemplate, id: undefined} [ILC Cache]: Item read from API. Can not find anything in stale cache @ https://spaceship-cdn.com/ilc-conventional/69c2ad0e3d2e9a1889f8591a04203c6657df3085/client.js:97
[   18159ms] [INFO] ILC: Registering app @cookieconsent after 50.90000003576279 milliseconds. @ https://spaceship-cdn.com/ilc-conventional/69c2ad0e3d2e9a1889f8591a04203c6657df3085/client.js:97
[   18163ms] [INFO] ILC: Registering app @header after 54.80000001192093 milliseconds. @ https://spaceship-cdn.com/ilc-conventional/69c2ad0e3d2e9a1889f8591a04203c6657df3085/client.js:97
[   18170ms] [INFO] ILC: Registering app @user-restrictions after 62.40000003576279 milliseconds. @ https://spaceship-cdn.com/ilc-conventional/69c2ad0e3d2e9a1889f8591a04203c6657df3085/client.js:97
[   18172ms] [INFO] ILC: Registering app @body after 63.60000002384186 milliseconds. @ https://spaceship-cdn.com/ilc-conventional/69c2ad0e3d2e9a1889f8591a04203c6657df3085/client.js:97
[   18172ms] [INFO] ILC: Registering app @newsletter after 64.5 milliseconds. @ https://spaceship-cdn.com/ilc-conventional/69c2ad0e3d2e9a1889f8591a04203c6657df3085/client.js:97
[   18173ms] [INFO] ILC: Registering app @footer after 65.19999998807907 milliseconds. @ https://spaceship-cdn.com/ilc-conventional/69c2ad0e3d2e9a1889f8591a04203c6657df3085/client.js:97
[   18174ms] [INFO] ILC: Registering app @wizard after 65.90000003576279 milliseconds. @ https://spaceship-cdn.com/ilc-conventional/69c2ad0e3d2e9a1889f8591a04203c6657df3085/client.js:97
[   18175ms] [INFO] ILC: Registering app @alf-launcher after 66.69999998807907 milliseconds. @ https://spaceship-cdn.com/ilc-conventional/69c2ad0e3d2e9a1889f8591a04203c6657df3085/client.js:97
[   18532ms] [INFO] {now: 1777693334, hash: 3718087656, memoName: registry_getTemplate, id: undefined, cachedAt: 1777693334} [ILC Cache]: Invalidation finished @ https://spaceship-cdn.com/ilc-conventional/69c2ad0e3d2e9a1889f8591a04203c6657df3085/client.js:97
[   18532ms] [INFO] ILC: Registry service preheated successfully @ https://spaceship-cdn.com/ilc-conventional/69c2ad0e3d2e9a1889f8591a04203c6657df3085/client.js:97
[   19008ms] [INFO] ILC: Client side route change to "/web-hosting/" took 865 milliseconds. @ https://spaceship-cdn.com/ilc-conventional/69c2ad0e3d2e9a1889f8591a04203c6657df3085/client.js:97
[   19008ms] [INFO] ILC: Client side route change to "/web-hosting/" but <title> is <empty> @ https://spaceship-cdn.com/ilc-conventional/69c2ad0e3d2e9a1889f8591a04203c6657df3085/client.js:97
[   19748ms] [WARNING] webhostingproductlandingpages-ui | Minified React error #421; visit https://reactjs.org/docs/error-decoder.html?invariant=421 for the full message or use the non-minified dev environment for full errors and additional helpful warnings. | Error: Minified React error #421; visit https://reactjs.org/docs/error-decoder.html?invariant=421 for the full message or use the non-minified dev environment for full errors and additional helpful warnings.
    at onRecoverableError (https://spaceship-cdn.com/webhostingproductlandingpages-ui/app.62566d9eefe7139921dc.js:622:42690)
    at i (https://spaceship-cdn.com/webhostingproductlandingpages-ui/app.62566d9eefe7139921dc.js:556:7676)
    at https://spaceship-cdn.com/sharedstaticresources-ui/main.ac34933d56c4e9e810d7.js:25:41716
    at sZ (https://spaceship-cdn.com/sharedstaticresources-ui/main.ac34933d56c4e9e810d7.js:25:41896)
    at nrWrapper (https://www.spaceship.com/web-hosting/:19:15715) | {} @ https://spaceship-cdn.com/webhostingproductlandingpages-ui/app.62566d9eefe7139921dc.js:489
[   19749ms] [WARNING] webhostingproductlandingpages-ui | Minified React error #421; visit https://reactjs.org/docs/error-decoder.html?invariant=421 for the full message or use the non-minified dev environment for full errors and additional helpful warnings. | Error: Minified React error #421; visit https://reactjs.org/docs/error-decoder.html?invariant=421 for the full message or use the non-minified dev environment for full errors and additional helpful warnings.
    at onRecoverableError (https://spaceship-cdn.com/webhostingproductlandingpages-ui/app.62566d9eefe7139921dc.js:622:42690)
    at i (https://spaceship-cdn.com/webhostingproductlandingpages-ui/app.62566d9eefe7139921dc.js:556:7676)
    at https://spaceship-cdn.com/sharedstaticresources-ui/main.ac34933d56c4e9e810d7.js:25:41716
    at sZ (https://spaceship-cdn.com/sharedstaticresources-ui/main.ac34933d56c4e9e810d7.js:25:41896)
    at nrWrapper (https://www.spaceship.com/web-hosting/:19:15715) | {} @ https://spaceship-cdn.com/webhostingproductlandingpages-ui/app.62566d9eefe7139921dc.js:489
[   19749ms] [WARNING] webhostingproductlandingpages-ui | Minified React error #421; visit https://reactjs.org/docs/error-decoder.html?invariant=421 for the full message or use the non-minified dev environment for full errors and additional helpful warnings. | Error: Minified React error #421; visit https://reactjs.org/docs/error-decoder.html?invariant=421 for the full message or use the non-minified dev environment for full errors and additional helpful warnings.
    at onRecoverableError (https://spaceship-cdn.com/webhostingproductlandingpages-ui/app.62566d9eefe7139921dc.js:622:42690)
    at i (https://spaceship-cdn.com/webhostingproductlandingpages-ui/app.62566d9eefe7139921dc.js:556:7676)
    at https://spaceship-cdn.com/sharedstaticresources-ui/main.ac34933d56c4e9e810d7.js:25:41716
    at sZ (https://spaceship-cdn.com/sharedstaticresources-ui/main.ac34933d56c4e9e810d7.js:25:41896)
    at nrWrapper (https://www.spaceship.com/web-hosting/:19:15715) | {} @ https://spaceship-cdn.com/webhostingproductlandingpages-ui/app.62566d9eefe7139921dc.js:489
[   19749ms] [WARNING] webhostingproductlandingpages-ui | Minified React error #421; visit https://reactjs.org/docs/error-decoder.html?invariant=421 for the full message or use the non-minified dev environment for full errors and additional helpful warnings. | Error: Minified React error #421; visit https://reactjs.org/docs/error-decoder.html?invariant=421 for the full message or use the non-minified dev environment for full errors and additional helpful warnings.
    at onRecoverableError (https://spaceship-cdn.com/webhostingproductlandingpages-ui/app.62566d9eefe7139921dc.js:622:42690)
    at i (https://spaceship-cdn.com/webhostingproductlandingpages-ui/app.62566d9eefe7139921dc.js:556:7676)
    at https://spaceship-cdn.com/sharedstaticresources-ui/main.ac34933d56c4e9e810d7.js:25:41716
    at sZ (https://spaceship-cdn.com/sharedstaticresources-ui/main.ac34933d56c4e9e810d7.js:25:41896)
    at nrWrapper (https://www.spaceship.com/web-hosting/:19:15715) | {} @ https://spaceship-cdn.com/webhostingproductlandingpages-ui/app.62566d9eefe7139921dc.js:489
[   19750ms] [WARNING] webhostingproductlandingpages-ui | Minified React error #421; visit https://reactjs.org/docs/error-decoder.html?invariant=421 for the full message or use the non-minified dev environment for full errors and additional helpful warnings. | Error: Minified React error #421; visit https://reactjs.org/docs/error-decoder.html?invariant=421 for the full message or use the non-minified dev environment for full errors and additional helpful warnings.
    at onRecoverableError (https://spaceship-cdn.com/webhostingproductlandingpages-ui/app.62566d9eefe7139921dc.js:622:42690)
    at i (https://spaceship-cdn.com/webhostingproductlandingpages-ui/app.62566d9eefe7139921dc.js:556:7676)
    at https://spaceship-cdn.com/sharedstaticresources-ui/main.ac34933d56c4e9e810d7.js:25:41716
    at sZ (https://spaceship-cdn.com/sharedstaticresources-ui/main.ac34933d56c4e9e810d7.js:25:41896)
    at nrWrapper (https://www.spaceship.com/web-hosting/:19:15715) | {} @ https://spaceship-cdn.com/webhostingproductlandingpages-ui/app.62566d9eefe7139921dc.js:489
[   19750ms] [WARNING] webhostingproductlandingpages-ui | Minified React error #421; visit https://reactjs.org/docs/error-decoder.html?invariant=421 for the full message or use the non-minified dev environment for full errors and additional helpful warnings. | Error: Minified React error #421; visit https://reactjs.org/docs/error-decoder.html?invariant=421 for the full message or use the non-minified dev environment for full errors and additional helpful warnings.
    at onRecoverableError (https://spaceship-cdn.com/webhostingproductlandingpages-ui/app.62566d9eefe7139921dc.js:622:42690)
    at i (https://spaceship-cdn.com/webhostingproductlandingpages-ui/app.62566d9eefe7139921dc.js:556:7676)
    at https://spaceship-cdn.com/sharedstaticresources-ui/main.ac34933d56c4e9e810d7.js:25:41716
    at sZ (https://spaceship-cdn.com/sharedstaticresources-ui/main.ac34933d56c4e9e810d7.js:25:41896)
    at nrWrapper (https://www.spaceship.com/web-hosting/:19:15715) | {} @ https://spaceship-cdn.com/webhostingproductlandingpages-ui/app.62566d9eefe7139921dc.js:489
[   19750ms] [WARNING] webhostingproductlandingpages-ui | Minified React error #421; visit https://reactjs.org/docs/error-decoder.html?invariant=421 for the full message or use the non-minified dev environment for full errors and additional helpful warnings. | Error: Minified React error #421; visit https://reactjs.org/docs/error-decoder.html?invariant=421 for the full message or use the non-minified dev environment for full errors and additional helpful warnings.
    at onRecoverableError (https://spaceship-cdn.com/webhostingproductlandingpages-ui/app.62566d9eefe7139921dc.js:622:42690)
    at i (https://spaceship-cdn.com/webhostingproductlandingpages-ui/app.62566d9eefe7139921dc.js:556:7676)
    at https://spaceship-cdn.com/sharedstaticresources-ui/main.ac34933d56c4e9e810d7.js:25:41716
    at sZ (https://spaceship-cdn.com/sharedstaticresources-ui/main.ac34933d56c4e9e810d7.js:25:41896)
    at nrWrapper (https://www.spaceship.com/web-hosting/:19:15715) | {} @ https://spaceship-cdn.com/webhostingproductlandingpages-ui/app.62566d9eefe7139921dc.js:489
[   21227ms] [LOG] start ....  @ https://spaceship-cdn.com/ilc-conventional/69c2ad0e3d2e9a1889f8591a04203c6657df3085/client.js:97
[   21780ms] [ERROR] Cannot read properties of undefined (reading 'lastIndexOf') {"type":"RuntimeError","message":"Cannot read properties of undefined (reading 'lastIndexOf')","stack":["BaseError: Cannot read properties of undefined (reading 'lastIndexOf')","    at e.Hs (https://spaceship-cdn.com/ilc-conventional/69c2ad0e3d2e9a1889f8591a04203c6657df3085/client.js:98:197035)","    at nrWrapper (https://www.spaceship.com/web-hosting/:19:15715)","    at HTMLBodyElement.nrWrapper [as insertBefore] (https://www.spaceship.com/web-hosting/:19:15715)","    at https://www.googletagmanager.com/gtm.js?id=GTM-NHLCC4B:917:429","    at UQ (https://www.googletagmanager.com/gtm.js?id=GTM-NHLCC4B:919:31)","    at Jd.TQ (https://www.googletagmanager.com/gtm.js?id=GTM-NHLCC4B:916:92)","    at Jd.<anonymous> (https://www.googletagmanager.com/gtm.js?id=GTM-NHLCC4B:332:187)","    at k.apply (https://www.googletagmanager.com/gtm.js?id=GTM-NHLCC4B:258:466)","    at hb (https://www.googletagmanager.com/gtm.js?id=GTM-NHLCC4B:221:719)","    at gb (https://www.googletagmanager.com/gtm.js?id=GTM-NHLCC4B:221:470)","Caused by: TypeError: Cannot read properties of undefined (reading 'lastIndexOf')","    at <anonymous>:1:115","    at HTMLBodyElement.nrWrapper [as insertBefore] (https://www.spaceship.com/web-hosting/:19:15715)","    at https://www.googletagmanager.com/gtm.js?id=GTM-NHLCC4B:917:429","    at UQ (https://www.googletagmanager.com/gtm.js?id=GTM-NHLCC4B:919:31)","    at Jd.TQ (https://www.googletagmanager.com/gtm.js?id=GTM-NHLCC4B:916:92)","    at Jd.<anonymous> (https://www.googletagmanager.com/gtm.js?id=GTM-NHLCC4B:332:187)","    at k.apply (https://www.googletagmanager.com/gtm.js?id=GTM-NHLCC4B:258:466)","    at hb (https://www.googletagmanager.com/gtm.js?id=GTM-NHLCC4B:221:719)","    at gb (https://www.googletagmanager.com/gtm.js?id=GTM-NHLCC4B:221:470)","    at Jd.<anonymous> (https://www.googletagmanager.com/gtm.js?id=GTM-NHLCC4B:282:473)"],"additionalInfo":{"name":"UNKNOWN_MODULE","dependants":[],"location":{"fileName":"","colNo":115,"lineNo":1},"code":"runtime","errorId":"e2c8ab02-dd51-4193-8a8a-d955bb90b36a"}} RuntimeError: Cannot read properties of undefined (reading 'lastIndexOf')
    at e.Hs (https://spaceship-cdn.com/ilc-conventional/69c2ad0e3d2e9a1889f8591a04203c6657df3085/client.js:98:197035)
    at nrWrapper (https://www.spaceship.com/web-hosting/:19:15715)
    at HTMLBodyElement.nrWrapper [as insertBefore] (https://www.spaceship.com/web-hosting/:19:15715)
    at https://www.googletagmanager.com/gtm.js?id=GTM-NHLCC4B:917:429
    at UQ (https://www.googletagmanager.com/gtm.js?id=GTM-NHLCC4B:919:31)
    at Jd.TQ (https://www.googletagmanager.com/gtm.js?id=GTM-NHLCC4B:916:92)
    at Jd.<anonymous> (https://www.googletagmanager.com/gtm.js?id=GTM-NHLCC4B:332:187)
    at k.apply (https://www.googletagmanager.com/gtm.js?id=GTM-NHLCC4B:258:466)
    at hb (https://www.googletagmanager.com/gtm.js?id=GTM-NHLCC4B:221:719)
    at gb (https://www.googletagmanager.com/gtm.js?id=GTM-NHLCC4B:221:470)
Caused by: TypeError: Cannot read properties of undefined (reading 'lastIndexOf')
    at <anonymous>:1:115
    at HTMLBodyElement.nrWrapper [as insertBefore] (https://www.spaceship.com/web-hosting/:19:15715)
    at https://www.googletagmanager.com/gtm.js?id=GTM-NHLCC4B:917:429
    at UQ (https://www.googletagmanager.com/gtm.js?id=GTM-NHLCC4B:919:31)
    at Jd.TQ (https://www.googletagmanager.com/gtm.js?id=GTM-NHLCC4B:916:92)
    at Jd.<anonymous> (https://www.googletagmanager.com/gtm.js?id=GTM-NHLCC4B:332:187)
    at k.apply (https://www.googletagmanager.com/gtm.js?id=GTM-NHLCC4B:258:466)
    at hb (https://www.googletagmanager.com/gtm.js?id=GTM-NHLCC4B:221:719)
    at gb (https://www.googletagmanager.com/gtm.js?id=GTM-NHLCC4B:221:470)
    at Jd.<anonymous> (https://www.googletagmanager.com/gtm.js?id=GTM-NHLCC4B:282:473) @ https://spaceship-cdn.com/ilc-conventional/69c2ad0e3d2e9a1889f8591a04203c6657df3085/client.js:97
[   23305ms] [INFO] ILC: Client side route change to "/web-hosting/" took 2109 milliseconds. @ https://spaceship-cdn.com/ilc-conventional/69c2ad0e3d2e9a1889f8591a04203c6657df3085/client.js:97
[   23307ms] [INFO] ILC: Client side route change to "/web-hosting/" but not mutate <title>. Previous title is <empty> @ https://spaceship-cdn.com/ilc-conventional/69c2ad0e3d2e9a1889f8591a04203c6657df3085/client.js:97
[   23307ms] [INFO] ILC: Client side route change to "/web-hosting/" but <title> is <empty> @ https://spaceship-cdn.com/ilc-conventional/69c2ad0e3d2e9a1889f8591a04203c6657df3085/client.js:97
