[     523ms] [LOG] Ignored request error AbortError: Failed to fetch
    at window.fetch (https://vercel.com/praxiswalker-6245s-projects:1:21881)
    at https://vercel.com/_next/static/chunks/24660xudx800e.js?dpl=dpl_Br2SfEhVjKucEZMXUTsTLMsBt5rn:17:10666
    at d (https://vercel.com/_next/static/chunks/23mcukiurl28h.js?dpl=dpl_Br2SfEhVjKucEZMXUTsTLMsBt5rn:2:21224)
    at S.name (https://vercel.com/_next/static/chunks/23mcukiurl28h.js?dpl=dpl_Br2SfEhVjKucEZMXUTsTLMsBt5rn:2:20323)
    at name (https://vercel.com/_next/static/chunks/3amg3pa0ilj5i.js?dpl=dpl_Br2SfEhVjKucEZMXUTsTLMsBt5rn:2:16479)
    at new Promise (<anonymous>)
    at c (https://vercel.com/_next/static/chunks/3amg3pa0ilj5i.js?dpl=dpl_Br2SfEhVjKucEZMXUTsTLMsBt5rn:2:16461)
    at S (https://vercel.com/_next/static/chunks/23mcukiurl28h.js?dpl=dpl_Br2SfEhVjKucEZMXUTsTLMsBt5rn:2:20319)
    at https://vercel.com/_next/static/chunks/3e5vufm6-qvgh.js?dpl=dpl_Br2SfEhVjKucEZMXUTsTLMsBt5rn:22:11166
    at o (https://vercel.com/_next/static/chunks/2auu5cqbre464.js?dpl=dpl_Br2SfEhVjKucEZMXUTsTLMsBt5rn:2:10507)
    at https://vercel.com/_next/static/chunks/2auu5cqbre464.js?dpl=dpl_Br2SfEhVjKucEZMXUTsTLMsBt5rn:2:15354
    at r (https://vercel.com/_next/static/chunks/2auu5cqbre464.js?dpl=dpl_Br2SfEhVjKucEZMXUTsTLMsBt5rn:2:17072)
    at r (https://vercel.com/_next/static/chunks/24660xudx800e.js?dpl=dpl_Br2SfEhVjKucEZMXUTsTLMsBt5rn:17:3489) @ https://vercel.com/_next/static/chunks/24660xudx800e.js?dpl=dpl_Br2SfEhVjKucEZMXUTsTLMsBt5rn:16
[     635ms] [LOG] %c
▲

    ____                               _ __
   / __ \________  ____ _____ ___     (_) /_
  / / / / ___/ _ \/ __ `/ __ `__ \   / / __/
 / /_/ / /  /  __/ /_/ / / / / / /  / / /__
/_____/_/   \___/\__,_/_/ /_/ /_/  /_/\__( )
   _____ __    _          _ __           |/
  / ___// /_  (_)___     (_) /_
  \__ \/ __ \/ / __ \   / / __/
 ___/ / / / / / /_/ /  / / /_
/____/_/ /_/_/ .___/  /_/\__/
            /_/
  

Hello!

- Open Source https://vercel.com/oss
- Careers https://vercel.com/careers
- Status https://vercel-status.com

 font-family: "Geist Mono", monospace; white-space: pre; line-height: 1; @ https://vercel.com/_next/static/chunks/1l29vw7u8_irq.js?dpl=dpl_Br2SfEhVjKucEZMXUTsTLMsBt5rn:78
[    1056ms] [WARNING] iso_swr: SSR fetch failed for "/api/v9/projects/adgai-walker/domains?limit=91&teamId=praxiswalker-6245s-projects" {error: iso_swr_fetch_error, message: The request is missing an authentication token} @ https://vercel.com/praxiswalker-6245s-projects/adgai-walker/settings/domains:657
[    1981ms] [WARNING] iso_swr[warn] [client] fallback error for key: "/api/v9/projects/adgai-walker/domains?limit=91&teamId=praxiswalker-6245s-projects" {error: iso_swr_fetch_error, message: The request is missing an authentication token} @ https://vercel.com/_next/static/chunks/0890tkxeic_zi.js?dpl=dpl_Br2SfEhVjKucEZMXUTsTLMsBt5rn:6
[    2009ms] Error: Minified React error #418; visit https://react.dev/errors/418?args[]=HTML&args[]= for the full message or use the non-minified dev environment for full errors and additional helpful warnings.
    at r1 (https://vercel.com/_next/static/chunks/1l29vw7u8_irq.js?dpl=dpl_Br2SfEhVjKucEZMXUTsTLMsBt5rn:79:44368)
    at iE (https://vercel.com/_next/static/chunks/1l29vw7u8_irq.js?dpl=dpl_Br2SfEhVjKucEZMXUTsTLMsBt5rn:79:98380)
    at sV (https://vercel.com/_next/static/chunks/1l29vw7u8_irq.js?dpl=dpl_Br2SfEhVjKucEZMXUTsTLMsBt5rn:79:139311)
    at https://vercel.com/_next/static/chunks/1l29vw7u8_irq.js?dpl=dpl_Br2SfEhVjKucEZMXUTsTLMsBt5rn:79:139156
    at sB (https://vercel.com/_next/static/chunks/1l29vw7u8_irq.js?dpl=dpl_Br2SfEhVjKucEZMXUTsTLMsBt5rn:79:139164)
    at sO (https://vercel.com/_next/static/chunks/1l29vw7u8_irq.js?dpl=dpl_Br2SfEhVjKucEZMXUTsTLMsBt5rn:79:134221)
    at cm (https://vercel.com/_next/static/chunks/1l29vw7u8_irq.js?dpl=dpl_Br2SfEhVjKucEZMXUTsTLMsBt5rn:79:168945)
    at cs (https://vercel.com/_next/static/chunks/1l29vw7u8_irq.js?dpl=dpl_Br2SfEhVjKucEZMXUTsTLMsBt5rn:79:166848)
    at cf (https://vercel.com/_next/static/chunks/1l29vw7u8_irq.js?dpl=dpl_Br2SfEhVjKucEZMXUTsTLMsBt5rn:79:167205)
    at https://vercel.com/_next/static/chunks/1l29vw7u8_irq.js?dpl=dpl_Br2SfEhVjKucEZMXUTsTLMsBt5rn:79:169004
[    2793ms] [WARNING] Deprecated API for given entry type. @ https://vercel.com/_next/static/chunks/24660xudx800e.js?dpl=dpl_Br2SfEhVjKucEZMXUTsTLMsBt5rn:18
[    8296ms] [WARNING] The resource https://vercel.com/_next/static/chunks/2cegy48-lpb69.css?dpl=dpl_Br2SfEhVjKucEZMXUTsTLMsBt5rn was preloaded using link preload but not used within a few seconds from the window's load event. Please make sure it has an appropriate `as` value and it is preloaded intentionally. @ https://vercel.com/praxiswalker-6245s-projects/adgai-walker/settings/domains:0
[    8296ms] [WARNING] The resource https://vercel.com/_next/static/chunks/2fbvudpv6kdp_.css?dpl=dpl_Br2SfEhVjKucEZMXUTsTLMsBt5rn was preloaded using link preload but not used within a few seconds from the window's load event. Please make sure it has an appropriate `as` value and it is preloaded intentionally. @ https://vercel.com/praxiswalker-6245s-projects/adgai-walker/settings/domains:0
[   16747ms] [WARNING] The resource https://vercel.com/_next/static/chunks/2cegy48-lpb69.css?dpl=dpl_Br2SfEhVjKucEZMXUTsTLMsBt5rn was preloaded using link preload but not used within a few seconds from the window's load event. Please make sure it has an appropriate `as` value and it is preloaded intentionally. @ https://vercel.com/praxiswalker-6245s-projects/adgai-walker/settings/domains?show-add-domain-modal=true:0
[   16747ms] [WARNING] The resource https://vercel.com/_next/static/chunks/2fbvudpv6kdp_.css?dpl=dpl_Br2SfEhVjKucEZMXUTsTLMsBt5rn was preloaded using link preload but not used within a few seconds from the window's load event. Please make sure it has an appropriate `as` value and it is preloaded intentionally. @ https://vercel.com/praxiswalker-6245s-projects/adgai-walker/settings/domains?show-add-domain-modal=true:0
[   30280ms] [WARNING] The resource https://vercel.com/_next/static/chunks/2cegy48-lpb69.css?dpl=dpl_Br2SfEhVjKucEZMXUTsTLMsBt5rn was preloaded using link preload but not used within a few seconds from the window's load event. Please make sure it has an appropriate `as` value and it is preloaded intentionally. @ https://vercel.com/praxiswalker-6245s-projects/adgai-walker/settings/domains?show-add-domain-modal=true:0
[   30281ms] [WARNING] The resource https://vercel.com/_next/static/chunks/2fbvudpv6kdp_.css?dpl=dpl_Br2SfEhVjKucEZMXUTsTLMsBt5rn was preloaded using link preload but not used within a few seconds from the window's load event. Please make sure it has an appropriate `as` value and it is preloaded intentionally. @ https://vercel.com/praxiswalker-6245s-projects/adgai-walker/settings/domains?show-add-domain-modal=true:0
[   38793ms] [ERROR] Failed to load resource: the server responded with a status of 400 () @ https://vercel.com/api/front-domains/domain-connect/status?domain=iwalk.pro:0
[   39936ms] [LOG] Ignored request error CustomFetchError: Unexpected response: text/plain Domain connect record not found
    at d (https://vercel.com/_next/static/chunks/23mcukiurl28h.js?dpl=dpl_Br2SfEhVjKucEZMXUTsTLMsBt5rn:2:22606) @ https://vercel.com/_next/static/chunks/24660xudx800e.js?dpl=dpl_Br2SfEhVjKucEZMXUTsTLMsBt5rn:16
[   40398ms] [ERROR] Failed to load resource: the server responded with a status of 400 () @ https://vercel.com/api/front-domains/domain-connect/status?domain=www.iwalk.pro:0
[   40398ms] [LOG] Ignored request error CustomFetchError: Unexpected response: text/plain Domain connect record not found
    at d (https://vercel.com/_next/static/chunks/23mcukiurl28h.js?dpl=dpl_Br2SfEhVjKucEZMXUTsTLMsBt5rn:2:22606)
    at async https://vercel.com/_next/static/chunks/2auu5cqbre464.js?dpl=dpl_Br2SfEhVjKucEZMXUTsTLMsBt5rn:2:15384 @ https://vercel.com/_next/static/chunks/24660xudx800e.js?dpl=dpl_Br2SfEhVjKucEZMXUTsTLMsBt5rn:16
[   46396ms] [WARNING] The resource https://vercel.com/_next/static/chunks/2cegy48-lpb69.css?dpl=dpl_Br2SfEhVjKucEZMXUTsTLMsBt5rn was preloaded using link preload but not used within a few seconds from the window's load event. Please make sure it has an appropriate `as` value and it is preloaded intentionally. @ https://vercel.com/praxiswalker-6245s-projects/adgai-walker/settings/domains:0
[   46396ms] [WARNING] The resource https://vercel.com/_next/static/chunks/2fbvudpv6kdp_.css?dpl=dpl_Br2SfEhVjKucEZMXUTsTLMsBt5rn was preloaded using link preload but not used within a few seconds from the window's load event. Please make sure it has an appropriate `as` value and it is preloaded intentionally. @ https://vercel.com/praxiswalker-6245s-projects/adgai-walker/settings/domains:0
[   57065ms] [WARNING] The resource https://vercel.com/_next/static/chunks/2cegy48-lpb69.css?dpl=dpl_Br2SfEhVjKucEZMXUTsTLMsBt5rn was preloaded using link preload but not used within a few seconds from the window's load event. Please make sure it has an appropriate `as` value and it is preloaded intentionally. @ https://vercel.com/praxiswalker-6245s-projects/adgai-walker/settings/domains:0
[   57065ms] [WARNING] The resource https://vercel.com/_next/static/chunks/2fbvudpv6kdp_.css?dpl=dpl_Br2SfEhVjKucEZMXUTsTLMsBt5rn was preloaded using link preload but not used within a few seconds from the window's load event. Please make sure it has an appropriate `as` value and it is preloaded intentionally. @ https://vercel.com/praxiswalker-6245s-projects/adgai-walker/settings/domains:0
[   71967ms] [WARNING] The resource https://vercel.com/_next/static/chunks/2cegy48-lpb69.css?dpl=dpl_Br2SfEhVjKucEZMXUTsTLMsBt5rn was preloaded using link preload but not used within a few seconds from the window's load event. Please make sure it has an appropriate `as` value and it is preloaded intentionally. @ https://vercel.com/praxiswalker-6245s-projects/adgai-walker/settings/domains:0
[   71967ms] [WARNING] The resource https://vercel.com/_next/static/chunks/2fbvudpv6kdp_.css?dpl=dpl_Br2SfEhVjKucEZMXUTsTLMsBt5rn was preloaded using link preload but not used within a few seconds from the window's load event. Please make sure it has an appropriate `as` value and it is preloaded intentionally. @ https://vercel.com/praxiswalker-6245s-projects/adgai-walker/settings/domains:0
[   77478ms] [WARNING] The resource https://vercel.com/_next/static/chunks/2cegy48-lpb69.css?dpl=dpl_Br2SfEhVjKucEZMXUTsTLMsBt5rn was preloaded using link preload but not used within a few seconds from the window's load event. Please make sure it has an appropriate `as` value and it is preloaded intentionally. @ https://vercel.com/praxiswalker-6245s-projects/adgai-walker/settings/domains:0
[   77478ms] [WARNING] The resource https://vercel.com/_next/static/chunks/2fbvudpv6kdp_.css?dpl=dpl_Br2SfEhVjKucEZMXUTsTLMsBt5rn was preloaded using link preload but not used within a few seconds from the window's load event. Please make sure it has an appropriate `as` value and it is preloaded intentionally. @ https://vercel.com/praxiswalker-6245s-projects/adgai-walker/settings/domains:0
[   91980ms] [WARNING] The resource https://vercel.com/_next/static/chunks/2cegy48-lpb69.css?dpl=dpl_Br2SfEhVjKucEZMXUTsTLMsBt5rn was preloaded using link preload but not used within a few seconds from the window's load event. Please make sure it has an appropriate `as` value and it is preloaded intentionally. @ https://vercel.com/praxiswalker-6245s-projects/adgai-walker/settings/domains:0
[   91980ms] [WARNING] The resource https://vercel.com/_next/static/chunks/2fbvudpv6kdp_.css?dpl=dpl_Br2SfEhVjKucEZMXUTsTLMsBt5rn was preloaded using link preload but not used within a few seconds from the window's load event. Please make sure it has an appropriate `as` value and it is preloaded intentionally. @ https://vercel.com/praxiswalker-6245s-projects/adgai-walker/settings/domains:0
[  104585ms] [WARNING] The resource https://vercel.com/_next/static/chunks/2cegy48-lpb69.css?dpl=dpl_Br2SfEhVjKucEZMXUTsTLMsBt5rn was preloaded using link preload but not used within a few seconds from the window's load event. Please make sure it has an appropriate `as` value and it is preloaded intentionally. @ https://vercel.com/praxiswalker-6245s-projects/adgai-walker/settings/domains:0
[  104585ms] [WARNING] The resource https://vercel.com/_next/static/chunks/2fbvudpv6kdp_.css?dpl=dpl_Br2SfEhVjKucEZMXUTsTLMsBt5rn was preloaded using link preload but not used within a few seconds from the window's load event. Please make sure it has an appropriate `as` value and it is preloaded intentionally. @ https://vercel.com/praxiswalker-6245s-projects/adgai-walker/settings/domains:0
[  111680ms] [WARNING] The resource https://vercel.com/_next/static/chunks/2cegy48-lpb69.css?dpl=dpl_Br2SfEhVjKucEZMXUTsTLMsBt5rn was preloaded using link preload but not used within a few seconds from the window's load event. Please make sure it has an appropriate `as` value and it is preloaded intentionally. @ https://vercel.com/praxiswalker-6245s-projects/adgai-walker/settings/domains:0
[  111680ms] [WARNING] The resource https://vercel.com/_next/static/chunks/2fbvudpv6kdp_.css?dpl=dpl_Br2SfEhVjKucEZMXUTsTLMsBt5rn was preloaded using link preload but not used within a few seconds from the window's load event. Please make sure it has an appropriate `as` value and it is preloaded intentionally. @ https://vercel.com/praxiswalker-6245s-projects/adgai-walker/settings/domains:0
[  119995ms] [WARNING] The resource https://vercel.com/_next/static/chunks/2cegy48-lpb69.css?dpl=dpl_Br2SfEhVjKucEZMXUTsTLMsBt5rn was preloaded using link preload but not used within a few seconds from the window's load event. Please make sure it has an appropriate `as` value and it is preloaded intentionally. @ https://vercel.com/praxiswalker-6245s-projects/adgai-walker/settings/domains:0
[  119995ms] [WARNING] The resource https://vercel.com/_next/static/chunks/2fbvudpv6kdp_.css?dpl=dpl_Br2SfEhVjKucEZMXUTsTLMsBt5rn was preloaded using link preload but not used within a few seconds from the window's load event. Please make sure it has an appropriate `as` value and it is preloaded intentionally. @ https://vercel.com/praxiswalker-6245s-projects/adgai-walker/settings/domains:0
[  135840ms] [WARNING] The resource https://vercel.com/_next/static/chunks/2cegy48-lpb69.css?dpl=dpl_Br2SfEhVjKucEZMXUTsTLMsBt5rn was preloaded using link preload but not used within a few seconds from the window's load event. Please make sure it has an appropriate `as` value and it is preloaded intentionally. @ https://vercel.com/praxiswalker-6245s-projects/adgai-walker/settings/domains:0
[  135840ms] [WARNING] The resource https://vercel.com/_next/static/chunks/2fbvudpv6kdp_.css?dpl=dpl_Br2SfEhVjKucEZMXUTsTLMsBt5rn was preloaded using link preload but not used within a few seconds from the window's load event. Please make sure it has an appropriate `as` value and it is preloaded intentionally. @ https://vercel.com/praxiswalker-6245s-projects/adgai-walker/settings/domains:0
[  152051ms] [WARNING] The resource https://vercel.com/_next/static/chunks/2cegy48-lpb69.css?dpl=dpl_Br2SfEhVjKucEZMXUTsTLMsBt5rn was preloaded using link preload but not used within a few seconds from the window's load event. Please make sure it has an appropriate `as` value and it is preloaded intentionally. @ https://vercel.com/praxiswalker-6245s-projects/adgai-walker/settings/domains:0
[  152051ms] [WARNING] The resource https://vercel.com/_next/static/chunks/2fbvudpv6kdp_.css?dpl=dpl_Br2SfEhVjKucEZMXUTsTLMsBt5rn was preloaded using link preload but not used within a few seconds from the window's load event. Please make sure it has an appropriate `as` value and it is preloaded intentionally. @ https://vercel.com/praxiswalker-6245s-projects/adgai-walker/settings/domains:0
